build/outputs/logs/manifest-merger-release-report.txt
-- Merging decision tree log ---
manifest
ADDED from Weather\AndroidManifest.xml:2:1-85:12
	package
		ADDED from Weather\AndroidManifest.xml:3:5-30
	android:versionName
		ADDED from Weather\AndroidManifest.xml:5:5-32
	android:versionCode
		ADDED from Weather\AndroidManifest.xml:4:5-28
		INJECTED from Weather\AndroidManifest.xml
		INJECTED from Weather\AndroidManifest.xml
	xmlns:android
		ADDED from Weather\AndroidManifest.xml:2:11-69
uses-sdk
ADDED from Weather\AndroidManifest.xml:7:5-9:41
	android:targetSdkVersion
		ADDED from Weather\AndroidManifest.xml:9:9-38
	android:minSdkVersion
		ADDED from Weather\AndroidManifest.xml:8:9-34
uses-permission#android.permission.INTERNET
ADDED from Weather\AndroidManifest.xml:11:5-67
	android:name
		ADDED from Weather\AndroidManifest.xml:11:22-64
uses-permission#android.permission.MOUNT_UNMOUNT_FILESYSTEMS
ADDED from Weather\AndroidManifest.xml:12:5-84
	android:name
		ADDED from Weather\AndroidManifest.xml:12:22-81
uses-permission#android.permission.WRITE_EXTERNAL_STORAGE
ADDED from Weather\AndroidManifest.xml:13:5-81
	android:name
		ADDED from Weather\AndroidManifest.xml:13:22-78
uses-permission#android.permission.ACCESS_COARSE_LOCATION
ADDED from Weather\AndroidManifest.xml:14:5-81
	android:name
		ADDED from Weather\AndroidManifest.xml:14:22-78
uses-permission#android.permission.ACCESS_FINE_LOCATION
ADDED from Weather\AndroidManifest.xml:15:5-79
	android:name
		ADDED from Weather\AndroidManifest.xml:15:22-76
uses-permission#android.permission.ACCESS_WIFI_STATE
ADDED from Weather\AndroidManifest.xml:16:5-76
	android:name
		ADDED from Weather\AndroidManifest.xml:16:22-73
uses-permission#android.permission.ACCESS_NETWORK_STATE
ADDED from Weather\AndroidManifest.xml:17:5-79
	android:name
		ADDED from Weather\AndroidManifest.xml:17:22-76
uses-permission#android.permission.CHANGE_WIFI_STATE
ADDED from Weather\AndroidManifest.xml:18:5-76
	android:name
		ADDED from Weather\AndroidManifest.xml:18:22-73
uses-permission#android.permission.READ_PHONE_STATE
ADDED from Weather\AndroidManifest.xml:19:5-75
	android:name
		ADDED from Weather\AndroidManifest.xml:19:22-72
uses-permission#android.permission.READ_LOGS
ADDED from Weather\AndroidManifest.xml:21:5-68
	android:name
		ADDED from Weather\AndroidManifest.xml:21:22-65
uses-permission#android.permission.RECEIVE_BOOT_COMPLETED
ADDED from Weather\AndroidManifest.xml:22:5-81
	android:name
		ADDED from Weather\AndroidManifest.xml:22:22-78
uses-permission#android.permission.BROADCAST_STICKY
ADDED from Weather\AndroidManifest.xml:23:5-75
	android:name
		ADDED from Weather\AndroidManifest.xml:23:22-72
application
ADDED from Weather\AndroidManifest.xml:26:5-83:19
	android:label
		ADDED from Weather\AndroidManifest.xml:29:9-41
	android:icon
		ADDED from Weather\AndroidManifest.xml:28:9-42
	android:theme
		ADDED from Weather\AndroidManifest.xml:30:9-40
	android:name
		ADDED from Weather\AndroidManifest.xml:27:9-47
activity#com.way.weather.MainActivity
ADDED from Weather\AndroidManifest.xml:31:9-42:20
	android:screenOrientation
		ADDED from Weather\AndroidManifest.xml:36:13-49
	android:launchMode
		ADDED from Weather\AndroidManifest.xml:35:13-43
	android:configChanges
		ADDED from Weather\AndroidManifest.xml:34:13-70
	android:alwaysRetainTaskState
		ADDED from Weather\AndroidManifest.xml:33:13-49
	android:name
		ADDED from Weather\AndroidManifest.xml:32:13-56
intent-filter#android.intent.action.MAIN+android.intent.category.LAUNCHER
ADDED from Weather\AndroidManifest.xml:37:13-41:29
action#android.intent.action.MAIN
ADDED from Weather\AndroidManifest.xml:38:17-69
	android:name
		ADDED from Weather\AndroidManifest.xml:38:25-66
category#android.intent.category.LAUNCHER
ADDED from Weather\AndroidManifest.xml:40:17-77
	android:name
		ADDED from Weather\AndroidManifest.xml:40:27-74
activity#com.way.weather.SelectCtiyActivity
ADDED from Weather\AndroidManifest.xml:43:9-50:20
	android:screenOrientation
		ADDED from Weather\AndroidManifest.xml:48:13-49
	android:launchMode
		ADDED from Weather\AndroidManifest.xml:47:13-43
	android:windowSoftInputMode
		ADDED from Weather\AndroidManifest.xml:49:13-64
	android:configChanges
		ADDED from Weather\AndroidManifest.xml:46:13-70
	android:alwaysRetainTaskState
		ADDED from Weather\AndroidManifest.xml:45:13-49
	android:name
		ADDED from Weather\AndroidManifest.xml:44:13-47
receiver#com.way.weather.WeatherWidget
ADDED from Weather\AndroidManifest.xml:52:9-74:20
	android:label
		ADDED from Weather\AndroidManifest.xml:54:13-51
	android:name
		ADDED from Weather\AndroidManifest.xml:53:13-57
intent-filter#android.appwidget.action.APPWIDGET_UPDATE+android.intent.action.BOOT_COMPLETED+android.intent.action.USER_PRESENT+com.way.weather.WeatherWidget.TEXTINFO_LEFT_HOTAREA_ACTION+com.way.weather.WeatherWidget.TEXTINFO_RIGHT_HOTAREA_ACTION+com.way.weather.WeatherWidget.TIME_LEFT_HOTAREA_ACTION+com.way.weather.WeatherWidget.TIME_RIGHT_HOTAREA_ACTION+com.way.weather.WeatherWidget.WEATHERICON_HOTAREA_ACTION
ADDED from Weather\AndroidManifest.xml:55:13-69:29
action#android.appwidget.action.APPWIDGET_UPDATE
ADDED from Weather\AndroidManifest.xml:56:17-84
	android:name
		ADDED from Weather\AndroidManifest.xml:56:25-81
action#android.intent.action.USER_PRESENT
ADDED from Weather\AndroidManifest.xml:57:17-77
	android:name
		ADDED from Weather\AndroidManifest.xml:57:25-74
action#android.intent.action.BOOT_COMPLETED
ADDED from Weather\AndroidManifest.xml:58:17-79
	android:name
		ADDED from Weather\AndroidManifest.xml:58:25-76
action#com.way.weather.WeatherWidget.TEXTINFO_LEFT_HOTAREA_ACTION
ADDED from Weather\AndroidManifest.xml:59:17-101
	android:name
		ADDED from Weather\AndroidManifest.xml:59:25-98
action#com.way.weather.WeatherWidget.WEATHERICON_HOTAREA_ACTION
ADDED from Weather\AndroidManifest.xml:60:17-99
	android:name
		ADDED from Weather\AndroidManifest.xml:60:25-96
action#com.way.weather.WeatherWidget.TEXTINFO_RIGHT_HOTAREA_ACTION
ADDED from Weather\AndroidManifest.xml:61:17-102
	android:name
		ADDED from Weather\AndroidManifest.xml:61:25-99
action#com.way.weather.WeatherWidget.TIME_LEFT_HOTAREA_ACTION
ADDED from Weather\AndroidManifest.xml:62:17-97
	android:name
		ADDED from Weather\AndroidManifest.xml:62:25-94
action#com.way.weather.WeatherWidget.TIME_RIGHT_HOTAREA_ACTION
ADDED from Weather\AndroidManifest.xml:63:17-98
	android:name
		ADDED from Weather\AndroidManifest.xml:63:25-95
meta-data#android.appwidget.provider
ADDED from Weather\AndroidManifest.xml:71:13-73:62
	android:resource
		ADDED from Weather\AndroidManifest.xml:73:17-59
	android:name
		ADDED from Weather\AndroidManifest.xml:72:17-58
service#com.way.weather.WeatherUpdateService
ADDED from Weather\AndroidManifest.xml:76:9-77:19
	android:name
		ADDED from Weather\AndroidManifest.xml:76:18-69
service#com.baidu.location.f
ADDED from Weather\AndroidManifest.xml:78:9-82:19
	android:enabled
		ADDED from Weather\AndroidManifest.xml:80:13-35
	android:process
		ADDED from Weather\AndroidManifest.xml:81:13-38
	android:name
		ADDED from Weather\AndroidManifest.xml:79:13-48